2024-05-13 18:49:34,862 - app.views - INFO - Type of X_train: <class 'pandas.core.frame.DataFrame'>
2024-05-13 18:49:34,970 - app.views - INFO - Type of X_test: <class 'pandas.core.frame.DataFrame'>
2024-05-13 18:49:34,990 - app.views - INFO - Type of y_train: <class 'pandas.core.series.Series'>
2024-05-13 18:49:34,994 - app.views - INFO - Type of y_test: <class 'pandas.core.series.Series'>
2024-05-13 18:49:34,995 - app.views - INFO - Pickles loaded
2024-05-13 18:49:35,040 - app.views - INFO - Max values computed: {'max_tenure': 72, 'max_monthly_charges': 118.75, 'max_total_charges': 8684.8}
2024-05-13 18:49:41,557 - app.views - INFO - Type of X_train: <class 'pandas.core.frame.DataFrame'>
2024-05-13 18:49:41,602 - app.views - INFO - Type of X_test: <class 'pandas.core.frame.DataFrame'>
2024-05-13 18:49:41,608 - app.views - INFO - Type of y_train: <class 'pandas.core.series.Series'>
2024-05-13 18:49:41,611 - app.views - INFO - Type of y_test: <class 'pandas.core.series.Series'>
2024-05-13 18:49:41,611 - app.views - INFO - Pickles loaded
2024-05-13 18:53:06,383 - app.views - INFO - Max values computed: {'max_tenure': 72, 'max_monthly_charges': 118.75, 'max_total_charges': 8684.8}
2024-05-13 18:53:06,386 - app.views - INFO - Pickles loaded
2024-05-13 18:53:06,713 - app.views - INFO - Model consulted
2024-05-13 18:53:22,941 - app.views - INFO - Pickles loaded
2024-05-13 18:53:23,200 - app.views - INFO - Model consulted
2024-05-13 18:53:42,137 - app.views - INFO - Pickles loaded
2024-05-13 18:53:42,388 - app.views - INFO - Model consulted
2024-05-13 18:53:45,842 - app.views - INFO - Pickles loaded
2024-05-13 18:53:46,048 - app.views - INFO - Model consulted
2024-05-13 18:55:44,633 - app.views - INFO - Pickles loaded
2024-05-13 18:55:44,969 - app.views - INFO - Model consulted
2024-05-13 18:56:03,694 - app.views - INFO - Pickles loaded
2024-05-13 18:56:03,807 - app.views - INFO - Model consulted
2024-05-13 18:57:48,819 - app.views - INFO - Pickles loaded
2024-05-13 18:57:48,931 - app.views - INFO - Model consulted
2024-05-13 18:57:51,439 - app.views - INFO - SHAP values displayed
2024-05-13 18:59:03,248 - app.views - INFO - Pickles loaded
2024-05-13 18:59:03,395 - app.views - INFO - Model consulted
2024-05-13 18:59:04,188 - app.views - INFO - SHAP values displayed
2024-05-13 18:59:22,172 - app.views - INFO - Max values computed: {'max_tenure': 72, 'max_monthly_charges': 118.75, 'max_total_charges': 8684.8}
2024-05-13 18:59:24,531 - app.views - INFO - Max values computed: {'max_tenure': 72, 'max_monthly_charges': 118.75, 'max_total_charges': 8684.8}
2024-05-13 19:00:36,643 - app.views - INFO - SHAP summary displayed
2024-05-13 19:00:56,956 - app.views - INFO - Max values computed: {'max_tenure': 72, 'max_monthly_charges': 118.75, 'max_total_charges': 8684.8}
2024-05-13 19:01:08,063 - app.views - INFO - Max values computed: {'max_tenure': 72, 'max_monthly_charges': 118.75, 'max_total_charges': 8684.8}
2024-05-13 19:01:59,976 - app.views - INFO - Max values computed: {'max_tenure': 72, 'max_monthly_charges': 118.75, 'max_total_charges': 8684.8}
2024-05-13 19:02:31,207 - app.views - INFO - Max values computed: {'max_tenure': 72, 'max_monthly_charges': 118.75, 'max_total_charges': 8684.8}
2024-05-13 19:02:32,778 - app.views - INFO - Max values computed: {'max_tenure': 72, 'max_monthly_charges': 118.75, 'max_total_charges': 8684.8}
2024-05-13 19:02:32,819 - app.views - INFO - Churn prediction successful: 0.39808487407645593
2024-05-13 19:03:58,033 - app.views - INFO - Max values computed: {'max_tenure': 72, 'max_monthly_charges': 118.75, 'max_total_charges': 8684.8}
2024-05-13 19:03:58,053 - app.views - INFO - Churn prediction successful: 0.39808487407645593
2024-05-13 19:04:34,049 - app.views - INFO - Max values computed: {'max_tenure': 72, 'max_monthly_charges': 118.75, 'max_total_charges': 8684.8}
2024-05-13 19:04:34,070 - app.views - INFO - Churn prediction successful: 0.39808487407645593
2024-05-13 19:04:56,071 - app.views - INFO - Max values computed: {'max_tenure': 72, 'max_monthly_charges': 118.75, 'max_total_charges': 8684.8}
2024-05-13 19:04:56,074 - app.views - INFO - Max values computed: {'max_tenure': 72, 'max_monthly_charges': 118.75, 'max_total_charges': 8684.8}
2024-05-13 19:04:59,224 - app.views - INFO - Max values computed: {'max_tenure': 72, 'max_monthly_charges': 118.75, 'max_total_charges': 8684.8}
2024-05-13 19:04:59,356 - app.views - INFO - Churn prediction successful: 0.39808487407645593
2024-05-13 19:05:53,576 - app.views - INFO - Max values computed: {'max_tenure': 72, 'max_monthly_charges': 118.75, 'max_total_charges': 8684.8}
2024-05-13 19:05:53,611 - app.views - INFO - Churn prediction successful: 0.39808487407645593
2024-05-13 19:10:21,569 - app.views - INFO - Max values computed: {'max_tenure': 72, 'max_monthly_charges': 118.75, 'max_total_charges': 8684.8}
2024-05-13 19:10:21,570 - app.views - INFO - Max values computed: {'max_tenure': 72, 'max_monthly_charges': 118.75, 'max_total_charges': 8684.8}
2024-05-13 19:10:23,839 - app.views - INFO - Max values computed: {'max_tenure': 72, 'max_monthly_charges': 118.75, 'max_total_charges': 8684.8}
2024-05-13 19:10:23,959 - app.views - INFO - Churn prediction successful: 0.39808487407645593
2024-05-13 19:10:32,109 - app.views - INFO - Pickles loaded
2024-05-13 19:10:32,270 - app.views - INFO - Model consulted
2024-05-13 19:10:33,138 - app.views - INFO - SHAP values displayed
2024-05-13 19:10:37,512 - app.views - INFO - SHAP summary displayed
2024-05-13 19:10:43,696 - app.views - INFO - Max values computed: {'max_tenure': 72, 'max_monthly_charges': 118.75, 'max_total_charges': 8684.8}
2024-05-13 19:10:44,162 - app.views - INFO - SHAP summary displayed
2024-05-13 19:10:55,243 - app.views - INFO - Max values computed: {'max_tenure': 72, 'max_monthly_charges': 118.75, 'max_total_charges': 8684.8}
2024-05-13 19:10:55,658 - app.views - INFO - SHAP summary displayed
2024-05-13 19:11:39,354 - app.views - INFO - Max values computed: {'max_tenure': 72, 'max_monthly_charges': 118.75, 'max_total_charges': 8684.8}
2024-05-13 19:11:39,902 - app.views - INFO - SHAP summary displayed
2024-05-13 19:51:07,052 - app.views - INFO - Pickles loaded
2024-05-13 19:51:07,169 - app.views - INFO - Model consulted
2024-05-13 19:51:07,860 - app.views - INFO - SHAP values displayed
2024-05-13 19:51:12,279 - app.views - INFO - Pickles loaded
2024-05-13 19:51:12,387 - app.views - INFO - Model consulted
2024-05-13 19:51:13,137 - app.views - INFO - SHAP values displayed
2024-05-13 19:51:17,976 - app.views - INFO - Pickles loaded
2024-05-13 19:51:18,080 - app.views - INFO - Model consulted
2024-05-13 19:51:18,744 - app.views - INFO - SHAP values displayed
2024-05-13 19:51:20,991 - app.views - INFO - Max values computed: {'max_tenure': 72, 'max_monthly_charges': 118.75, 'max_total_charges': 8684.8}
2024-05-13 19:51:23,130 - app.views - INFO - Max values computed: {'max_tenure': 72, 'max_monthly_charges': 118.75, 'max_total_charges': 8684.8}
2024-05-13 19:51:23,154 - app.views - INFO - Churn prediction successful: 0.39808487407645593
2024-05-13 21:22:53,507 - app.views - INFO - Max values computed: {'max_tenure': 72, 'max_monthly_charges': 118.75, 'max_total_charges': 8684.8}
2024-05-13 22:31:25,782 - app.views - INFO - Max values computed: {'max_tenure': 72, 'max_monthly_charges': 118.75, 'max_total_charges': 8684.8}
2024-05-14 00:27:40,604 - app.views - INFO - Max values computed: {'max_tenure': 72, 'max_monthly_charges': 118.75, 'max_total_charges': 8684.8}
2024-05-14 01:23:42,152 - app.views - INFO - SHAP summary displayed
2024-05-14 01:23:45,685 - app.views - INFO - Pickles loaded
2024-05-14 01:23:45,810 - app.views - INFO - Model consulted
2024-05-14 01:23:46,707 - app.views - INFO - SHAP values displayed
2024-05-14 01:23:49,716 - app.views - INFO - Max values computed: {'max_tenure': 72, 'max_monthly_charges': 118.75, 'max_total_charges': 8684.8}
2024-05-14 01:23:51,824 - app.views - INFO - Max values computed: {'max_tenure': 72, 'max_monthly_charges': 118.75, 'max_total_charges': 8684.8}
2024-05-14 01:23:51,843 - app.views - INFO - Churn prediction successful: 0.39808487407645593
2024-05-14 01:25:00,985 - app.views - INFO - Max values computed: {'max_tenure': 72, 'max_monthly_charges': 118.75, 'max_total_charges': 8684.8}
2024-05-14 01:25:02,427 - app.views - INFO - Max values computed: {'max_tenure': 72, 'max_monthly_charges': 118.75, 'max_total_charges': 8684.8}
2024-05-14 01:25:02,448 - app.views - INFO - Churn prediction successful: 0.3563915590138037
2024-05-14 01:25:08,366 - app.views - INFO - Pickles loaded
2024-05-14 01:25:08,477 - app.views - INFO - Model consulted
2024-05-14 01:25:09,257 - app.views - INFO - SHAP values displayed
2024-05-14 01:25:12,128 - app.views - INFO - Pickles loaded
2024-05-14 01:25:12,240 - app.views - INFO - Model consulted
2024-05-14 01:25:13,102 - app.views - INFO - SHAP values displayed
2024-05-14 01:25:20,516 - app.views - INFO - SHAP summary displayed
2024-05-14 01:34:44,301 - app.views - INFO - Max values computed: {'max_tenure': 72, 'max_monthly_charges': 118.75, 'max_total_charges': 8684.8}
2024-05-14 01:34:45,254 - app.views - INFO - SHAP summary displayed
2024-05-14 01:35:47,574 - app.views - INFO - SHAP summary displayed
2024-05-14 01:35:49,553 - app.views - INFO - Max values computed: {'max_tenure': 72, 'max_monthly_charges': 118.75, 'max_total_charges': 8684.8}
2024-05-14 01:35:52,014 - app.views - INFO - Max values computed: {'max_tenure': 72, 'max_monthly_charges': 118.75, 'max_total_charges': 8684.8}
2024-05-14 01:35:52,064 - app.views - INFO - Churn prediction successful: 0.39808487407645593
2024-05-14 01:35:54,465 - app.views - INFO - Pickles loaded
2024-05-14 01:35:54,630 - app.views - INFO - Model consulted
2024-05-14 01:35:55,395 - app.views - INFO - SHAP values displayed
2024-05-14 01:36:05,338 - app.views - INFO - Max values computed: {'max_tenure': 72, 'max_monthly_charges': 118.75, 'max_total_charges': 8684.8}
2024-05-14 01:36:10,942 - app.views - INFO - Pickles loaded
2024-05-14 01:36:22,051 - app.views - INFO - Model consulted
2024-05-14 01:36:32,780 - app.views - INFO - Churn prediction successful: 0.08257915934206535
2024-05-14 01:36:39,111 - app.views - INFO - SHAP summary displayed
2024-05-14 01:36:48,422 - app.views - ERROR - An error occurred: index 0 is out of bounds for axis 0 with size 0
2024-05-14 01:37:06,666 - app.views - INFO - Max values computed: {'max_tenure': 72, 'max_monthly_charges': 118.75, 'max_total_charges': 8684.8}
2024-05-14 01:37:08,019 - app.views - INFO - SHAP summary displayed
2024-05-14 01:37:10,276 - app.views - INFO - Pickles loaded
2024-05-14 01:37:10,381 - app.views - INFO - Model consulted
2024-05-14 01:37:11,065 - app.views - INFO - SHAP values displayed
2024-05-14 01:37:23,913 - app.views - INFO - SHAP values displayed
2024-05-14 01:39:30,711 - app.views - INFO - SHAP values displayed
2024-05-14 01:39:41,587 - app.views - INFO - SHAP summary displayed
2024-05-14 01:39:42,120 - app.views - INFO - Max values computed: {'max_tenure': 72, 'max_monthly_charges': 118.75, 'max_total_charges': 8684.8}
2024-05-14 01:44:10,648 - app.views - INFO - SHAP summary displayed
2024-05-14 01:44:13,482 - app.views - INFO - Max values computed: {'max_tenure': 72, 'max_monthly_charges': 118.75, 'max_total_charges': 8684.8}
2024-05-14 01:44:16,377 - app.views - INFO - Max values computed: {'max_tenure': 72, 'max_monthly_charges': 118.75, 'max_total_charges': 8684.8}
2024-05-14 01:44:16,416 - app.views - INFO - Churn prediction successful: 0.39808487407645593
2024-05-14 01:44:18,561 - app.views - INFO - Pickles loaded
2024-05-14 01:46:41,492 - app.views - INFO - Pickles loaded
2024-05-14 01:46:41,645 - app.views - INFO - Model consulted
2024-05-14 01:46:42,540 - app.views - INFO - SHAP values displayed
2024-05-14 01:46:51,353 - app.views - INFO - Max values computed: {'max_tenure': 72, 'max_monthly_charges': 118.75, 'max_total_charges': 8684.8}
2024-05-14 01:46:53,190 - app.views - INFO - Max values computed: {'max_tenure': 72, 'max_monthly_charges': 118.75, 'max_total_charges': 8684.8}
2024-05-14 01:46:53,213 - app.views - INFO - Churn prediction successful: 0.39808487407645593
2024-05-14 01:46:56,362 - app.views - INFO - Max values computed: {'max_tenure': 72, 'max_monthly_charges': 118.75, 'max_total_charges': 8684.8}
2024-05-14 01:46:57,668 - app.views - INFO - Max values computed: {'max_tenure': 72, 'max_monthly_charges': 118.75, 'max_total_charges': 8684.8}
2024-05-14 01:46:57,689 - app.views - INFO - Churn prediction successful: 0.7045331644446275
2024-05-14 01:47:02,247 - app.views - INFO - SHAP summary displayed
2024-05-14 01:52:10,577 - app.views - INFO - SHAP values displayed
2024-05-14 01:52:18,080 - app.views - INFO - Model consulted
2024-05-14 01:52:23,652 - app.views - INFO - Max values computed: {'max_tenure': 72, 'max_monthly_charges': 118.75, 'max_total_charges': 8684.8}
2024-05-14 01:52:49,590 - app.views - INFO - SHAP summary displayed
2024-05-14 01:52:52,220 - app.views - INFO - Pickles loaded
2024-05-14 01:52:52,356 - app.views - INFO - Model consulted
2024-05-14 01:52:53,044 - app.views - INFO - SHAP values displayed
2024-05-14 02:00:48,644 - app.views - INFO - Max values computed: {'max_tenure': 72, 'max_monthly_charges': 118.75, 'max_total_charges': 8684.8}
2024-05-14 02:10:39,203 - app.views - INFO - SHAP summary displayed
2024-05-14 02:10:42,264 - app.views - INFO - Pickles loaded
2024-05-14 02:10:42,384 - app.views - INFO - Model consulted
2024-05-14 02:10:43,073 - app.views - INFO - SHAP values displayed
2024-05-14 02:10:52,874 - app.views - INFO - Pickles loaded
2024-05-14 02:10:52,961 - app.views - INFO - Model consulted
2024-05-14 02:10:53,556 - app.views - INFO - SHAP values displayed
2024-05-14 02:11:00,281 - app.views - INFO - Max values computed: {'max_tenure': 72, 'max_monthly_charges': 118.75, 'max_total_charges': 8684.8}
2024-05-14 02:11:01,259 - app.views - INFO - Pickles loaded
2024-05-14 02:11:01,347 - app.views - INFO - Model consulted
2024-05-14 02:11:01,980 - app.views - INFO - SHAP values displayed
2024-05-14 02:11:10,072 - app.views - INFO - Pickles loaded
2024-05-14 02:11:10,157 - app.views - INFO - Model consulted
2024-05-14 02:11:10,756 - app.views - INFO - SHAP values displayed
2024-05-14 02:14:45,201 - app.views - INFO - SHAP summary displayed
2024-05-14 02:14:53,049 - app.views - INFO - Max values computed: {'max_tenure': 72, 'max_monthly_charges': 118.75, 'max_total_charges': 8684.8}
2024-05-14 02:14:54,595 - app.views - INFO - Pickles loaded
2024-05-14 02:14:54,775 - app.views - INFO - Model consulted
2024-05-14 02:14:55,651 - app.views - INFO - SHAP values displayed
2024-05-14 02:15:39,512 - app.views - INFO - Pickles loaded
2024-05-14 02:15:39,737 - app.views - INFO - Model consulted
2024-05-14 02:15:40,831 - app.views - INFO - SHAP values displayed
2024-05-14 02:18:35,147 - app.views - INFO - SHAP summary displayed
2024-05-14 02:18:39,812 - app.views - INFO - Max values computed: {'max_tenure': 72, 'max_monthly_charges': 118.75, 'max_total_charges': 8684.8}
2024-05-14 02:18:41,499 - app.views - INFO - Pickles loaded
2024-05-14 02:18:41,624 - app.views - INFO - Model consulted
2024-05-14 02:18:42,351 - app.views - INFO - SHAP values displayed
2024-05-14 02:18:50,787 - app.views - INFO - Max values computed: {'max_tenure': 72, 'max_monthly_charges': 118.75, 'max_total_charges': 8684.8}
2024-05-14 02:18:52,445 - app.views - INFO - Max values computed: {'max_tenure': 72, 'max_monthly_charges': 118.75, 'max_total_charges': 8684.8}
2024-05-14 02:18:52,490 - app.views - INFO - Churn prediction successful: 0.39808487407645593
2024-05-14 02:19:15,850 - app.views - INFO - SHAP summary displayed
2024-05-14 02:19:16,255 - app.views - INFO - Pickles loaded
2024-05-14 02:19:16,379 - app.views - INFO - Model consulted
2024-05-14 02:19:17,099 - app.views - INFO - SHAP values displayed
2024-05-14 02:19:17,214 - app.views - INFO - Max values computed: {'max_tenure': 72, 'max_monthly_charges': 118.75, 'max_total_charges': 8684.8}
2024-05-14 02:38:24,389 - app.views - INFO - SHAP summary displayed
2024-05-14 02:38:26,486 - app.views - INFO - Pickles loaded
2024-05-14 02:38:26,598 - app.views - INFO - Model consulted
2024-05-14 02:38:27,290 - app.views - INFO - SHAP values displayed
2024-05-14 02:38:30,541 - app.views - INFO - Max values computed: {'max_tenure': 72, 'max_monthly_charges': 118.75, 'max_total_charges': 8684.8}
2024-05-14 02:38:34,353 - app.views - INFO - SHAP summary displayed
2024-05-14 02:41:08,839 - app.views - INFO - SHAP summary displayed
2024-05-14 02:41:18,422 - app.views - INFO - Pickles loaded
2024-05-14 02:41:18,526 - app.views - INFO - Model consulted
2024-05-14 02:41:19,215 - app.views - INFO - SHAP values displayed
2024-05-14 02:41:57,451 - app.views - INFO - Max values computed: {'max_tenure': 72, 'max_monthly_charges': 118.75, 'max_total_charges': 8684.8}
2024-05-14 02:42:03,302 - app.views - INFO - Max values computed: {'max_tenure': 72, 'max_monthly_charges': 118.75, 'max_total_charges': 8684.8}
2024-05-14 02:42:03,326 - app.views - INFO - Churn prediction successful: 0.39808487407645593
2024-05-14 02:45:15,538 - app.views - INFO - Pickles loaded
2024-05-14 02:45:15,675 - app.views - INFO - Model consulted
2024-05-14 02:45:16,431 - app.views - INFO - SHAP values displayed
2024-05-14 02:45:18,665 - app.views - INFO - SHAP summary displayed
2024-05-14 02:47:30,176 - app.views - INFO - SHAP summary displayed
2024-05-14 02:47:36,582 - app.views - INFO - Pickles loaded
2024-05-14 02:47:36,776 - app.views - INFO - Model consulted
2024-05-14 02:47:38,317 - app.views - INFO - SHAP values displayed
2024-05-14 02:47:42,022 - app.views - INFO - Pickles loaded
2024-05-14 02:47:42,217 - app.views - INFO - Model consulted
2024-05-14 02:47:43,192 - app.views - INFO - SHAP values displayed
2024-05-14 02:47:47,941 - app.views - INFO - Max values computed: {'max_tenure': 72, 'max_monthly_charges': 118.75, 'max_total_charges': 8684.8}
2024-05-14 02:47:49,922 - app.views - INFO - Max values computed: {'max_tenure': 72, 'max_monthly_charges': 118.75, 'max_total_charges': 8684.8}
2024-05-14 02:47:49,993 - app.views - INFO - Churn prediction successful: 0.39808487407645593
2024-05-14 02:47:52,829 - app.views - INFO - Pickles loaded
2024-05-14 02:47:52,982 - app.views - INFO - Model consulted
2024-05-14 02:47:53,922 - app.views - INFO - SHAP values displayed
